2024-02-06 17:23:40,473:INFO:Starting training
2024-02-06 17:23:40,473:INFO:Loading the datasets...
2024-02-06 17:23:40,473:INFO:Fetching loss function and criterion...
2024-02-06 17:23:40,473:INFO:Loading model...
2024-02-06 17:23:40,473:INFO:Training...
2024-03-05 15:32:38,286:INFO:Starting training
2024-03-05 15:32:38,287:INFO:Loading the datasets...
2024-03-05 15:32:38,287:INFO:Fetching loss function and criterion...
2024-03-05 15:32:38,287:INFO:Loading model...
2024-03-05 15:32:38,287:INFO:Training...
2024-03-07 17:36:55,591:INFO:Starting training
2024-03-07 17:36:55,591:INFO:Loading the datasets...
2024-03-07 17:36:55,591:INFO:Fetching loss function and criterion...
2024-03-07 17:36:55,591:INFO:Loading model...
2024-03-07 17:36:55,591:INFO:Training...
2024-03-07 17:37:10,649:INFO:Starting training
2024-03-07 17:37:10,649:INFO:Loading the datasets...
2024-03-07 17:37:10,649:INFO:Fetching loss function and criterion...
2024-03-07 17:37:10,649:INFO:Loading model...
2024-03-07 17:37:10,649:INFO:Training...
2024-03-07 17:40:31,239:INFO:Starting training
2024-03-07 17:40:31,239:INFO:Loading the datasets...
2024-03-07 17:40:31,239:INFO:Fetching loss function and criterion...
2024-03-07 17:40:31,239:INFO:Loading model...
2024-03-07 17:40:31,239:INFO:Training...
2024-03-07 17:40:47,532:INFO:Starting training
2024-03-07 17:40:47,532:INFO:Loading the datasets...
2024-03-07 17:40:47,532:INFO:Fetching loss function and criterion...
2024-03-07 17:40:47,532:INFO:Loading model...
2024-03-07 17:40:47,532:INFO:Training...
2024-03-07 17:41:36,921:INFO:Starting training
2024-03-07 17:41:36,921:INFO:Loading the datasets...
2024-03-07 17:41:36,921:INFO:Fetching loss function and criterion...
2024-03-07 17:41:36,921:INFO:Loading model...
2024-03-07 17:41:36,921:INFO:Training...
2024-03-07 17:41:50,481:INFO:Starting training
2024-03-07 17:41:50,481:INFO:Loading the datasets...
2024-03-07 17:41:50,481:INFO:Fetching loss function and criterion...
2024-03-07 17:41:50,481:INFO:Loading model...
2024-03-07 17:41:50,481:INFO:Training...
2024-03-07 17:43:26,466:INFO:Starting training
2024-03-07 17:43:26,466:INFO:Loading the datasets...
2024-03-07 17:43:26,466:INFO:Fetching loss function and criterion...
2024-03-07 17:43:26,466:INFO:Loading model...
2024-03-07 17:43:26,466:INFO:Training...
2024-03-07 17:43:57,633:INFO:Starting training
2024-03-07 17:43:57,633:INFO:Loading the datasets...
2024-03-07 17:43:57,633:INFO:Fetching loss function and criterion...
2024-03-07 17:43:57,633:INFO:Loading model...
2024-03-07 17:43:57,633:INFO:Training...
2024-03-07 17:44:36,108:INFO:Starting training
2024-03-07 17:44:36,108:INFO:Loading the datasets...
2024-03-07 17:44:36,108:INFO:Fetching loss function and criterion...
2024-03-07 17:44:36,108:INFO:Loading model...
2024-03-07 17:44:36,108:INFO:Training...
2024-03-07 17:45:09,781:INFO:Starting training
2024-03-07 17:45:09,781:INFO:Loading the datasets...
2024-03-07 17:45:09,781:INFO:Fetching loss function and criterion...
2024-03-07 17:45:09,781:INFO:Loading model...
2024-03-07 17:45:09,781:INFO:Training...
2024-03-07 17:45:39,916:INFO:Starting training
2024-03-07 17:45:39,916:INFO:Loading the datasets...
2024-03-07 17:45:39,916:INFO:Fetching loss function and criterion...
2024-03-07 17:45:39,916:INFO:Loading model...
2024-03-07 17:45:39,916:INFO:Training...
2024-03-07 17:46:06,533:INFO:Starting training
2024-03-07 17:46:06,533:INFO:Loading the datasets...
2024-03-07 17:46:06,533:INFO:Fetching loss function and criterion...
2024-03-07 17:46:06,533:INFO:Loading model...
2024-03-07 17:46:06,533:INFO:Training...
2024-03-07 17:48:10,463:INFO:Starting training
2024-03-07 17:48:10,463:INFO:Loading the datasets...
2024-03-07 17:48:10,463:INFO:Fetching loss function and criterion...
2024-03-07 17:48:10,464:INFO:Loading model...
2024-03-07 17:48:10,464:INFO:Training...
2024-03-07 17:48:23,303:INFO:Starting training
2024-03-07 17:48:23,303:INFO:Loading the datasets...
2024-03-07 17:48:23,303:INFO:Fetching loss function and criterion...
2024-03-07 17:48:23,303:INFO:Loading model...
2024-03-07 17:48:23,303:INFO:Training...
2024-03-08 16:55:55,178:INFO:Starting training
2024-03-08 16:55:55,178:INFO:Loading the datasets...
2024-03-08 16:55:55,178:INFO:Fetching loss function and criterion...
2024-03-08 16:55:55,178:INFO:Loading model...
2024-03-08 16:55:55,178:INFO:Training...
2024-03-08 17:24:29,640:INFO:Starting training
2024-03-08 17:24:29,640:INFO:Loading the datasets...
2024-03-08 17:24:29,640:INFO:Fetching loss function and criterion...
2024-03-08 17:24:29,640:INFO:Loading model...
2024-03-08 17:24:29,641:INFO:Training...
